<?xml version="1.0" encoding="UTF-8"?>
<testng-results ignored="0" total="10" passed="8" failed="2" skipped="0">
  <reporter-output>
  </reporter-output>
  <suite started-at="2025-02-17T09:28:42 IST" name="Suite" finished-at="2025-02-17T09:48:18 IST" duration-ms="1176158">
    <groups>
    </groups>
    <test started-at="2025-02-17T09:28:42 IST" name="Test" finished-at="2025-02-17T09:48:18 IST" duration-ms="1176158">
      <class name="testscripts.TC_03_VerifyPincode">
        <test-method is-config="true" signature="openApp()[pri:0, instance:testscripts.TC_03_VerifyPincode@6e005dc9]" started-at="2025-02-17T09:31:04 IST" name="openApp" finished-at="2025-02-17T09:31:41 IST" duration-ms="37349" status="PASS">
          <reporter-output>
          </reporter-output>
        </test-method> <!-- openApp -->
        <test-method signature="tc_03_VerifyPincode()[pri:0, instance:testscripts.TC_03_VerifyPincode@6e005dc9]" started-at="2025-02-17T09:31:41 IST" name="tc_03_VerifyPincode" finished-at="2025-02-17T09:33:23 IST" duration-ms="101539" status="FAIL">
          <exception class="org.openqa.selenium.StaleElementReferenceException">
            <message>
              <![CDATA[stale element reference: stale element not found in the current frame
  (Session info: MicrosoftEdge=133.0.3065.69)
For documentation on this error, please visit: https://www.selenium.dev/documentation/webdriver/troubleshooting/errors#stale-element-reference-exception
Build info: version: '4.27.0', revision: 'd6e718d134'
System info: os.name: 'Windows 11', os.arch: 'amd64', os.version: '10.0', java.version: '21.0.5'
Driver info: org.openqa.selenium.edge.EdgeDriver
Command: [987858d98e9b1adca295a4aea1cc17f4, clickElement {id=f.B53CC8CBEA77BFB8B7F315710B8AED45.d.06B4A8CD0FA40BF52646E65F5B2D46AE.e.338}]
Capabilities {acceptInsecureCerts: false, browserName: MicrosoftEdge, browserVersion: 133.0.3065.69, fedcm:accounts: true, ms:edgeOptions: {debuggerAddress: localhost:61273}, msedge: {msedgedriverVersion: 133.0.3065.69 (c3f010c11f3e..., userDataDir: C:\Users\ma114113\AppData\L...}, networkConnectionEnabled: false, pageLoadStrategy: normal, platformName: windows, proxy: Proxy(), se:cdp: ws://localhost:61273/devtoo..., se:cdpVersion: 133.0.3065.69, setWindowRect: true, strictFileInteractability: false, timeouts: {implicit: 0, pageLoad: 300000, script: 30000}, unhandledPromptBehavior: dismiss and notify, webauthn:extension:credBlob: true, webauthn:extension:largeBlob: true, webauthn:extension:minPinLength: true, webauthn:extension:prf: true, webauthn:virtualAuthenticators: true}
Element: [[EdgeDriver: MicrosoftEdge on windows (987858d98e9b1adca295a4aea1cc17f4)] -> css selector: input[value='Full Sleeve']]
Session ID: 987858d98e9b1adca295a4aea1cc17f4]]>
            </message>
            <full-stacktrace>
              <![CDATA[org.openqa.selenium.StaleElementReferenceException: stale element reference: stale element not found in the current frame
  (Session info: MicrosoftEdge=133.0.3065.69)
For documentation on this error, please visit: https://www.selenium.dev/documentation/webdriver/troubleshooting/errors#stale-element-reference-exception
Build info: version: '4.27.0', revision: 'd6e718d134'
System info: os.name: 'Windows 11', os.arch: 'amd64', os.version: '10.0', java.version: '21.0.5'
Driver info: org.openqa.selenium.edge.EdgeDriver
Command: [987858d98e9b1adca295a4aea1cc17f4, clickElement {id=f.B53CC8CBEA77BFB8B7F315710B8AED45.d.06B4A8CD0FA40BF52646E65F5B2D46AE.e.338}]
Capabilities {acceptInsecureCerts: false, browserName: MicrosoftEdge, browserVersion: 133.0.3065.69, fedcm:accounts: true, ms:edgeOptions: {debuggerAddress: localhost:61273}, msedge: {msedgedriverVersion: 133.0.3065.69 (c3f010c11f3e..., userDataDir: C:\Users\ma114113\AppData\L...}, networkConnectionEnabled: false, pageLoadStrategy: normal, platformName: windows, proxy: Proxy(), se:cdp: ws://localhost:61273/devtoo..., se:cdpVersion: 133.0.3065.69, setWindowRect: true, strictFileInteractability: false, timeouts: {implicit: 0, pageLoad: 300000, script: 30000}, unhandledPromptBehavior: dismiss and notify, webauthn:extension:credBlob: true, webauthn:extension:largeBlob: true, webauthn:extension:minPinLength: true, webauthn:extension:prf: true, webauthn:virtualAuthenticators: true}
Element: [[EdgeDriver: MicrosoftEdge on windows (987858d98e9b1adca295a4aea1cc17f4)] -> css selector: input[value='Full Sleeve']]
Session ID: 987858d98e9b1adca295a4aea1cc17f4
at java.base/jdk.internal.reflect.DirectConstructorHandleAccessor.newInstance(DirectConstructorHandleAccessor.java:62)
at java.base/java.lang.reflect.Constructor.newInstanceWithCaller(Constructor.java:502)
at java.base/java.lang.reflect.Constructor.newInstance(Constructor.java:486)
at org.openqa.selenium.remote.ErrorCodec.decode(ErrorCodec.java:167)
at org.openqa.selenium.remote.codec.w3c.W3CHttpResponseCodec.decode(W3CHttpResponseCodec.java:138)
at org.openqa.selenium.remote.codec.w3c.W3CHttpResponseCodec.decode(W3CHttpResponseCodec.java:50)
at org.openqa.selenium.remote.HttpCommandExecutor.execute(HttpCommandExecutor.java:190)
at org.openqa.selenium.remote.service.DriverCommandExecutor.invokeExecute(DriverCommandExecutor.java:216)
at org.openqa.selenium.remote.service.DriverCommandExecutor.execute(DriverCommandExecutor.java:174)
at org.openqa.selenium.remote.RemoteWebDriver.execute(RemoteWebDriver.java:545)
at org.openqa.selenium.remote.RemoteWebElement.execute(RemoteWebElement.java:223)
at org.openqa.selenium.remote.RemoteWebElement.click(RemoteWebElement.java:76)
at java.base/jdk.internal.reflect.DirectMethodHandleAccessor.invoke(DirectMethodHandleAccessor.java:103)
at java.base/java.lang.reflect.Method.invoke(Method.java:580)
at org.openqa.selenium.support.pagefactory.internal.LocatingElementHandler.invoke(LocatingElementHandler.java:51)
at jdk.proxy2/jdk.proxy2.$Proxy29.click(Unknown Source)
at pom.ProductPage.selectFullSleeve(ProductPage.java:138)
at testscripts.TC_03_VerifyPincode.tc_03_VerifyPincode(TC_03_VerifyPincode.java:84)
at java.base/jdk.internal.reflect.DirectMethodHandleAccessor.invoke(DirectMethodHandleAccessor.java:103)
at java.base/java.lang.reflect.Method.invoke(Method.java:580)
at org.testng.internal.MethodInvocationHelper.invokeMethod(MethodInvocationHelper.java:133)
at org.testng.internal.TestInvoker.invokeMethod(TestInvoker.java:598)
at org.testng.internal.TestInvoker.invokeTestMethod(TestInvoker.java:173)
at org.testng.internal.MethodRunner.runInSequence(MethodRunner.java:46)
at org.testng.internal.TestInvoker$MethodInvocationAgent.invoke(TestInvoker.java:824)
at org.testng.internal.TestInvoker.invokeTestMethods(TestInvoker.java:146)
at org.testng.internal.TestMethodWorker.invokeTestMethods(TestMethodWorker.java:146)
at org.testng.internal.TestMethodWorker.run(TestMethodWorker.java:128)
at java.base/java.util.ArrayList.forEach(ArrayList.java:1596)
at org.testng.TestRunner.privateRun(TestRunner.java:794)
at org.testng.TestRunner.run(TestRunner.java:596)
at org.testng.SuiteRunner.runTest(SuiteRunner.java:377)
at org.testng.SuiteRunner.runSequentially(SuiteRunner.java:371)
at org.testng.SuiteRunner.privateRun(SuiteRunner.java:332)
at org.testng.SuiteRunner.run(SuiteRunner.java:276)
at org.testng.SuiteRunnerWorker.runSuite(SuiteRunnerWorker.java:53)
at org.testng.SuiteRunnerWorker.run(SuiteRunnerWorker.java:96)
at org.testng.TestNG.runSuitesSequentially(TestNG.java:1212)
at org.testng.TestNG.runSuitesLocally(TestNG.java:1134)
at org.testng.TestNG.runSuites(TestNG.java:1063)
at org.testng.TestNG.run(TestNG.java:1031)
at org.testng.remote.AbstractRemoteTestNG.run(AbstractRemoteTestNG.java:115)
at org.testng.remote.RemoteTestNG.initAndRun(RemoteTestNG.java:293)
at org.testng.remote.RemoteTestNG.main(RemoteTestNG.java:91)
]]>
            </full-stacktrace>
          </exception> <!-- org.openqa.selenium.StaleElementReferenceException -->
          <reporter-output>
          </reporter-output>
        </test-method> <!-- tc_03_VerifyPincode -->
        <test-method is-config="true" signature="closeApp()[pri:0, instance:testscripts.TC_03_VerifyPincode@6e005dc9]" started-at="2025-02-17T09:33:23 IST" name="closeApp" finished-at="2025-02-17T09:33:25 IST" duration-ms="1853" status="PASS">
          <reporter-output>
          </reporter-output>
        </test-method> <!-- closeApp -->
      </class> <!-- testscripts.TC_03_VerifyPincode -->
      <class name="testscripts.TC_10_ProductVerification">
        <test-method is-config="true" signature="openApp()[pri:0, instance:testscripts.TC_10_ProductVerification@609db546]" started-at="2025-02-17T09:44:58 IST" name="openApp" finished-at="2025-02-17T09:45:36 IST" duration-ms="37970" status="PASS">
          <reporter-output>
          </reporter-output>
        </test-method> <!-- openApp -->
        <test-method signature="tc_10_verifyProduct()[pri:0, instance:testscripts.TC_10_ProductVerification@609db546]" started-at="2025-02-17T09:45:36 IST" name="tc_10_verifyProduct" finished-at="2025-02-17T09:48:16 IST" duration-ms="159922" status="PASS">
          <reporter-output>
          </reporter-output>
        </test-method> <!-- tc_10_verifyProduct -->
        <test-method is-config="true" signature="closeApp()[pri:0, instance:testscripts.TC_10_ProductVerification@609db546]" started-at="2025-02-17T09:48:16 IST" name="closeApp" finished-at="2025-02-17T09:48:18 IST" duration-ms="1963" status="PASS">
          <reporter-output>
          </reporter-output>
        </test-method> <!-- closeApp -->
      </class> <!-- testscripts.TC_10_ProductVerification -->
      <class name="testscripts.TC_06_addAddress">
        <test-method is-config="true" signature="openApp()[pri:0, instance:testscripts.TC_06_addAddress@3561c410]" started-at="2025-02-17T09:38:35 IST" name="openApp" finished-at="2025-02-17T09:39:20 IST" duration-ms="44815" status="PASS">
          <reporter-output>
          </reporter-output>
        </test-method> <!-- openApp -->
        <test-method signature="tc_06_addingAddress()[pri:0, instance:testscripts.TC_06_addAddress@3561c410]" started-at="2025-02-17T09:39:20 IST" name="tc_06_addingAddress" finished-at="2025-02-17T09:41:35 IST" duration-ms="135141" status="PASS">
          <reporter-output>
          </reporter-output>
        </test-method> <!-- tc_06_addingAddress -->
        <test-method is-config="true" signature="closeApp()[pri:0, instance:testscripts.TC_06_addAddress@3561c410]" started-at="2025-02-17T09:41:35 IST" name="closeApp" finished-at="2025-02-17T09:41:37 IST" duration-ms="2091" status="PASS">
          <reporter-output>
          </reporter-output>
        </test-method> <!-- closeApp -->
      </class> <!-- testscripts.TC_06_addAddress -->
      <class name="testscripts.TC_08_ResetFilterAddToWishlist">
        <test-method is-config="true" signature="openApp()[pri:0, instance:testscripts.TC_08_ResetFilterAddToWishlist@59e32960]" started-at="2025-02-17T09:41:37 IST" name="openApp" finished-at="2025-02-17T09:41:50 IST" duration-ms="12583" status="PASS">
          <reporter-output>
          </reporter-output>
        </test-method> <!-- openApp -->
        <test-method signature="tc_08_resetFilter()[pri:0, instance:testscripts.TC_08_ResetFilterAddToWishlist@59e32960]" started-at="2025-02-17T09:41:50 IST" name="tc_08_resetFilter" finished-at="2025-02-17T09:42:04 IST" duration-ms="14141" status="PASS">
          <reporter-output>
          </reporter-output>
        </test-method> <!-- tc_08_resetFilter -->
        <test-method is-config="true" signature="closeApp()[pri:0, instance:testscripts.TC_08_ResetFilterAddToWishlist@59e32960]" started-at="2025-02-17T09:42:04 IST" name="closeApp" finished-at="2025-02-17T09:42:06 IST" duration-ms="1910" status="PASS">
          <reporter-output>
          </reporter-output>
        </test-method> <!-- closeApp -->
      </class> <!-- testscripts.TC_08_ResetFilterAddToWishlist -->
      <class name="testscripts.TC_04_InitiateCheckout">
        <test-method is-config="true" signature="openApp()[pri:0, instance:testscripts.TC_04_InitiateCheckout@7ceb3185]" started-at="2025-02-17T09:33:25 IST" name="openApp" finished-at="2025-02-17T09:33:48 IST" duration-ms="23793" status="PASS">
          <reporter-output>
          </reporter-output>
        </test-method> <!-- openApp -->
        <test-method signature="tc_04_initiateCheckout()[pri:0, instance:testscripts.TC_04_InitiateCheckout@7ceb3185]" started-at="2025-02-17T09:33:48 IST" name="tc_04_initiateCheckout" finished-at="2025-02-17T09:34:13 IST" duration-ms="24492" status="PASS">
          <reporter-output>
          </reporter-output>
        </test-method> <!-- tc_04_initiateCheckout -->
        <test-method is-config="true" signature="closeApp()[pri:0, instance:testscripts.TC_04_InitiateCheckout@7ceb3185]" started-at="2025-02-17T09:34:13 IST" name="closeApp" finished-at="2025-02-17T09:34:15 IST" duration-ms="1935" status="PASS">
          <reporter-output>
          </reporter-output>
        </test-method> <!-- closeApp -->
      </class> <!-- testscripts.TC_04_InitiateCheckout -->
      <class name="testscripts.TC_09_AddToWhishLlistAndCart">
        <test-method is-config="true" signature="openApp()[pri:0, instance:testscripts.TC_09_AddToWhishLlistAndCart@5b67bb7e]" started-at="2025-02-17T09:44:34 IST" name="openApp" finished-at="2025-02-17T09:44:43 IST" duration-ms="8813" status="PASS">
          <reporter-output>
          </reporter-output>
        </test-method> <!-- openApp -->
        <test-method signature="tc_09_addToCart()[pri:0, instance:testscripts.TC_09_AddToWhishLlistAndCart@5b67bb7e]" started-at="2025-02-17T09:44:43 IST" name="tc_09_addToCart" finished-at="2025-02-17T09:44:56 IST" duration-ms="12920" status="PASS">
          <reporter-output>
          </reporter-output>
        </test-method> <!-- tc_09_addToCart -->
        <test-method is-config="true" signature="closeApp()[pri:0, instance:testscripts.TC_09_AddToWhishLlistAndCart@5b67bb7e]" started-at="2025-02-17T09:44:56 IST" name="closeApp" finished-at="2025-02-17T09:44:58 IST" duration-ms="1883" status="PASS">
          <reporter-output>
          </reporter-output>
        </test-method> <!-- closeApp -->
      </class> <!-- testscripts.TC_09_AddToWhishLlistAndCart -->
      <class name="testscripts.TC_07_DeleteAddress">
        <test-method is-config="true" signature="openApp()[pri:0, instance:testscripts.TC_07_DeleteAddress@7c214cc0]" started-at="2025-02-17T09:42:06 IST" name="openApp" finished-at="2025-02-17T09:42:50 IST" duration-ms="44145" status="PASS">
          <reporter-output>
          </reporter-output>
        </test-method> <!-- openApp -->
        <test-method signature="tc_07_deleteAdd()[pri:0, instance:testscripts.TC_07_DeleteAddress@7c214cc0]" started-at="2025-02-17T09:42:50 IST" name="tc_07_deleteAdd" finished-at="2025-02-17T09:44:32 IST" duration-ms="102684" status="PASS">
          <reporter-output>
          </reporter-output>
        </test-method> <!-- tc_07_deleteAdd -->
        <test-method is-config="true" signature="closeApp()[pri:0, instance:testscripts.TC_07_DeleteAddress@7c214cc0]" started-at="2025-02-17T09:44:32 IST" name="closeApp" finished-at="2025-02-17T09:44:34 IST" duration-ms="1887" status="PASS">
          <reporter-output>
          </reporter-output>
        </test-method> <!-- closeApp -->
      </class> <!-- testscripts.TC_07_DeleteAddress -->
      <class name="testscripts.TC_02_HandTowelProductAdding">
        <test-method is-config="true" signature="openApp()[pri:0, instance:testscripts.TC_02_HandTowelProductAdding@3148f668]" started-at="2025-02-17T09:30:37 IST" name="openApp" finished-at="2025-02-17T09:30:46 IST" duration-ms="8796" status="PASS">
          <reporter-output>
          </reporter-output>
        </test-method> <!-- openApp -->
        <test-method signature="tc_02_addHandTowl()[pri:0, instance:testscripts.TC_02_HandTowelProductAdding@3148f668]" started-at="2025-02-17T09:30:46 IST" name="tc_02_addHandTowl" finished-at="2025-02-17T09:31:02 IST" duration-ms="15626" status="PASS">
          <reporter-output>
          </reporter-output>
        </test-method> <!-- tc_02_addHandTowl -->
        <test-method is-config="true" signature="closeApp()[pri:0, instance:testscripts.TC_02_HandTowelProductAdding@3148f668]" started-at="2025-02-17T09:31:02 IST" name="closeApp" finished-at="2025-02-17T09:31:04 IST" duration-ms="2086" status="PASS">
          <reporter-output>
          </reporter-output>
        </test-method> <!-- closeApp -->
      </class> <!-- testscripts.TC_02_HandTowelProductAdding -->
      <class name="testscripts.TC_05_ManufactureAddress">
        <test-method is-config="true" signature="openApp()[pri:0, instance:testscripts.TC_05_ManufactureAddress@436c81a3]" started-at="2025-02-17T09:34:15 IST" name="openApp" finished-at="2025-02-17T09:34:51 IST" duration-ms="36194" status="PASS">
          <reporter-output>
          </reporter-output>
        </test-method> <!-- openApp -->
        <test-method signature="tc_05_ManufactureAdd()[pri:0, instance:testscripts.TC_05_ManufactureAddress@436c81a3]" started-at="2025-02-17T09:34:51 IST" name="tc_05_ManufactureAdd" finished-at="2025-02-17T09:38:33 IST" duration-ms="221877" status="PASS">
          <reporter-output>
          </reporter-output>
        </test-method> <!-- tc_05_ManufactureAdd -->
        <test-method is-config="true" signature="closeApp()[pri:0, instance:testscripts.TC_05_ManufactureAddress@436c81a3]" started-at="2025-02-17T09:38:33 IST" name="closeApp" finished-at="2025-02-17T09:38:35 IST" duration-ms="1965" status="PASS">
          <reporter-output>
          </reporter-output>
        </test-method> <!-- closeApp -->
      </class> <!-- testscripts.TC_05_ManufactureAddress -->
      <class name="testscripts.TC_01_AddingProductToCart">
        <test-method is-config="true" signature="openApp()[pri:0, instance:testscripts.TC_01_AddingProductToCart@302f7971]" started-at="2025-02-17T09:28:42 IST" name="openApp" finished-at="2025-02-17T09:29:20 IST" duration-ms="38586" status="PASS">
          <reporter-output>
          </reporter-output>
        </test-method> <!-- openApp -->
        <test-method signature="verifyAddToWhishlistAndCart()[pri:0, instance:testscripts.TC_01_AddingProductToCart@302f7971]" started-at="2025-02-17T09:29:20 IST" name="verifyAddToWhishlistAndCart" finished-at="2025-02-17T09:30:34 IST" duration-ms="73759" status="FAIL">
          <exception class="org.openqa.selenium.StaleElementReferenceException">
            <message>
              <![CDATA[stale element reference: stale element not found in the current frame
  (Session info: MicrosoftEdge=133.0.3065.69)
For documentation on this error, please visit: https://www.selenium.dev/documentation/webdriver/troubleshooting/errors#stale-element-reference-exception
Build info: version: '4.27.0', revision: 'd6e718d134'
System info: os.name: 'Windows 11', os.arch: 'amd64', os.version: '10.0', java.version: '21.0.5'
Driver info: org.openqa.selenium.edge.EdgeDriver
Command: [ee7c6c0b002f3a9058564cc99d5eded3, clickElement {id=f.9CD14BA695A2B212F280DE441F85B46D.d.C3A850DA66588D2374C76C782A6163EB.e.315}]
Capabilities {acceptInsecureCerts: false, browserName: MicrosoftEdge, browserVersion: 133.0.3065.69, fedcm:accounts: true, ms:edgeOptions: {debuggerAddress: localhost:60387}, msedge: {msedgedriverVersion: 133.0.3065.69 (c3f010c11f3e..., userDataDir: C:\Users\ma114113\AppData\L...}, networkConnectionEnabled: false, pageLoadStrategy: normal, platformName: windows, proxy: Proxy(), se:cdp: ws://localhost:60387/devtoo..., se:cdpVersion: 133.0.3065.69, setWindowRect: true, strictFileInteractability: false, timeouts: {implicit: 0, pageLoad: 300000, script: 30000}, unhandledPromptBehavior: dismiss and notify, webauthn:extension:credBlob: true, webauthn:extension:largeBlob: true, webauthn:extension:minPinLength: true, webauthn:extension:prf: true, webauthn:virtualAuthenticators: true}
Element: [[EdgeDriver: MicrosoftEdge on windows (ee7c6c0b002f3a9058564cc99d5eded3)] -> xpath: //div[contains(@class,'color-swatch')]/div/label]
Session ID: ee7c6c0b002f3a9058564cc99d5eded3]]>
            </message>
            <full-stacktrace>
              <![CDATA[org.openqa.selenium.StaleElementReferenceException: stale element reference: stale element not found in the current frame
  (Session info: MicrosoftEdge=133.0.3065.69)
For documentation on this error, please visit: https://www.selenium.dev/documentation/webdriver/troubleshooting/errors#stale-element-reference-exception
Build info: version: '4.27.0', revision: 'd6e718d134'
System info: os.name: 'Windows 11', os.arch: 'amd64', os.version: '10.0', java.version: '21.0.5'
Driver info: org.openqa.selenium.edge.EdgeDriver
Command: [ee7c6c0b002f3a9058564cc99d5eded3, clickElement {id=f.9CD14BA695A2B212F280DE441F85B46D.d.C3A850DA66588D2374C76C782A6163EB.e.315}]
Capabilities {acceptInsecureCerts: false, browserName: MicrosoftEdge, browserVersion: 133.0.3065.69, fedcm:accounts: true, ms:edgeOptions: {debuggerAddress: localhost:60387}, msedge: {msedgedriverVersion: 133.0.3065.69 (c3f010c11f3e..., userDataDir: C:\Users\ma114113\AppData\L...}, networkConnectionEnabled: false, pageLoadStrategy: normal, platformName: windows, proxy: Proxy(), se:cdp: ws://localhost:60387/devtoo..., se:cdpVersion: 133.0.3065.69, setWindowRect: true, strictFileInteractability: false, timeouts: {implicit: 0, pageLoad: 300000, script: 30000}, unhandledPromptBehavior: dismiss and notify, webauthn:extension:credBlob: true, webauthn:extension:largeBlob: true, webauthn:extension:minPinLength: true, webauthn:extension:prf: true, webauthn:virtualAuthenticators: true}
Element: [[EdgeDriver: MicrosoftEdge on windows (ee7c6c0b002f3a9058564cc99d5eded3)] -> xpath: //div[contains(@class,'color-swatch')]/div/label]
Session ID: ee7c6c0b002f3a9058564cc99d5eded3
at java.base/jdk.internal.reflect.DirectConstructorHandleAccessor.newInstance(DirectConstructorHandleAccessor.java:62)
at java.base/java.lang.reflect.Constructor.newInstanceWithCaller(Constructor.java:502)
at java.base/java.lang.reflect.Constructor.newInstance(Constructor.java:486)
at org.openqa.selenium.remote.ErrorCodec.decode(ErrorCodec.java:167)
at org.openqa.selenium.remote.codec.w3c.W3CHttpResponseCodec.decode(W3CHttpResponseCodec.java:138)
at org.openqa.selenium.remote.codec.w3c.W3CHttpResponseCodec.decode(W3CHttpResponseCodec.java:50)
at org.openqa.selenium.remote.HttpCommandExecutor.execute(HttpCommandExecutor.java:190)
at org.openqa.selenium.remote.service.DriverCommandExecutor.invokeExecute(DriverCommandExecutor.java:216)
at org.openqa.selenium.remote.service.DriverCommandExecutor.execute(DriverCommandExecutor.java:174)
at org.openqa.selenium.remote.RemoteWebDriver.execute(RemoteWebDriver.java:545)
at org.openqa.selenium.remote.RemoteWebElement.execute(RemoteWebElement.java:223)
at org.openqa.selenium.remote.RemoteWebElement.click(RemoteWebElement.java:76)
at java.base/jdk.internal.reflect.DirectMethodHandleAccessor.invoke(DirectMethodHandleAccessor.java:103)
at java.base/java.lang.reflect.Method.invoke(Method.java:580)
at org.openqa.selenium.support.pagefactory.internal.LocatingElementHandler.invoke(LocatingElementHandler.java:51)
at jdk.proxy2/jdk.proxy2.$Proxy29.click(Unknown Source)
at pom.ProductPage.selectColor(ProductPage.java:106)
at testscripts.TC_01_AddingProductToCart.verifyAddToWhishlistAndCart(TC_01_AddingProductToCart.java:64)
at java.base/jdk.internal.reflect.DirectMethodHandleAccessor.invoke(DirectMethodHandleAccessor.java:103)
at java.base/java.lang.reflect.Method.invoke(Method.java:580)
at org.testng.internal.MethodInvocationHelper.invokeMethod(MethodInvocationHelper.java:133)
at org.testng.internal.TestInvoker.invokeMethod(TestInvoker.java:598)
at org.testng.internal.TestInvoker.invokeTestMethod(TestInvoker.java:173)
at org.testng.internal.MethodRunner.runInSequence(MethodRunner.java:46)
at org.testng.internal.TestInvoker$MethodInvocationAgent.invoke(TestInvoker.java:824)
at org.testng.internal.TestInvoker.invokeTestMethods(TestInvoker.java:146)
at org.testng.internal.TestMethodWorker.invokeTestMethods(TestMethodWorker.java:146)
at org.testng.internal.TestMethodWorker.run(TestMethodWorker.java:128)
at java.base/java.util.ArrayList.forEach(ArrayList.java:1596)
at org.testng.TestRunner.privateRun(TestRunner.java:794)
at org.testng.TestRunner.run(TestRunner.java:596)
at org.testng.SuiteRunner.runTest(SuiteRunner.java:377)
at org.testng.SuiteRunner.runSequentially(SuiteRunner.java:371)
at org.testng.SuiteRunner.privateRun(SuiteRunner.java:332)
at org.testng.SuiteRunner.run(SuiteRunner.java:276)
at org.testng.SuiteRunnerWorker.runSuite(SuiteRunnerWorker.java:53)
at org.testng.SuiteRunnerWorker.run(SuiteRunnerWorker.java:96)
at org.testng.TestNG.runSuitesSequentially(TestNG.java:1212)
at org.testng.TestNG.runSuitesLocally(TestNG.java:1134)
at org.testng.TestNG.runSuites(TestNG.java:1063)
at org.testng.TestNG.run(TestNG.java:1031)
at org.testng.remote.AbstractRemoteTestNG.run(AbstractRemoteTestNG.java:115)
at org.testng.remote.RemoteTestNG.initAndRun(RemoteTestNG.java:293)
at org.testng.remote.RemoteTestNG.main(RemoteTestNG.java:91)
]]>
            </full-stacktrace>
          </exception> <!-- org.openqa.selenium.StaleElementReferenceException -->
          <reporter-output>
          </reporter-output>
        </test-method> <!-- verifyAddToWhishlistAndCart -->
        <test-method is-config="true" signature="closeApp()[pri:0, instance:testscripts.TC_01_AddingProductToCart@302f7971]" started-at="2025-02-17T09:30:35 IST" name="closeApp" finished-at="2025-02-17T09:30:37 IST" duration-ms="2504" status="PASS">
          <reporter-output>
          </reporter-output>
        </test-method> <!-- closeApp -->
      </class> <!-- testscripts.TC_01_AddingProductToCart -->
    </test> <!-- Test -->
  </suite> <!-- Suite -->
</testng-results>
